#-----------------------------------------------------------
# Vivado v2019.2 (64-bit)
# SW Build 2708876 on Wed Nov  6 21:40:23 MST 2019
# IP Build 2700528 on Thu Nov  7 00:09:20 MST 2019
# Start of session at: Sun Mar 12 18:34:19 2023
# Process ID: 6628
# Current directory: C:/Users/sahil/Desktop/updated SDLX/Group_13_assignment_2 - chaalija/Group_13_assignment_2 - refactored/Group_13_assignment_2 - Copy/DLX processor
# Command line: vivado.exe -gui_launcher_event rodinguilauncherevent9644 C:\Users\sahil\Desktop\updated SDLX\Group_13_assignment_2 - chaalija\Group_13_assignment_2 - refactored\Group_13_assignment_2 - Copy\DLX processor\DLX Processor.xpr
# Log file: C:/Users/sahil/Desktop/updated SDLX/Group_13_assignment_2 - chaalija/Group_13_assignment_2 - refactored/Group_13_assignment_2 - Copy/DLX processor/vivado.log
# Journal file: C:/Users/sahil/Desktop/updated SDLX/Group_13_assignment_2 - chaalija/Group_13_assignment_2 - refactored/Group_13_assignment_2 - Copy/DLX processor\vivado.jou
#-----------------------------------------------------------
start_gui
open_project {C:/Users/sahil/Desktop/updated SDLX/Group_13_assignment_2 - chaalija/Group_13_assignment_2 - refactored/Group_13_assignment_2 - Copy/DLX processor/DLX Processor.xpr}
INFO: [ProjectBase 1-489] The host OS only allows 260 characters in a normal path. The project is stored in a path with more than 80 characters. If you experience issues with IP, Block Designs, or files not being found, please consider moving the project to a location with a shorter path. Alternately consider using the OS subst command to map part of the path to a drive letter.
Current project path is 'C:/Users/sahil/Desktop/updated SDLX/Group_13_assignment_2 - chaalija/Group_13_assignment_2 - refactored/Group_13_assignment_2 - Copy/DLX processor'
INFO: [Project 1-313] Project file moved from 'C:/Users/Yashraj Deshmukh/Desktop/Group_13_assignment_2 - refactored/Group_13_assignment_2 - refactored/Group_13_assignment_2 - Copy/DLX processor' since last save.
Scanning sources...
Finished scanning sources
WARNING: [filemgmt 56-2] Board Part Repository Path: Could not find the directory 'C:/Users/sahil/Desktop/updated SDLX/Group_13_assignment_2 - chaalija/AppData/Roaming/Xilinx/Vivado/2019.2/xhub/board_store', nor could it be found using path 'C:/Users/Yashraj Deshmukh/Desktop/Group_13_assignment_2 - refactored/AppData/Roaming/Xilinx/Vivado/2019.2/xhub/board_store'.
INFO: [IP_Flow 19-234] Refreshing IP repositories
INFO: [IP_Flow 19-1704] No user IP repositories specified
INFO: [IP_Flow 19-2313] Loaded Vivado IP repository 'C:/Xilinx/Vivado/2019.2/data/ip'.
open_project: Time (s): cpu = 00:00:08 ; elapsed = 00:00:52 . Memory (MB): peak = 950.785 ; gain = 362.480
update_compile_order -fileset sources_1
exit
INFO: [Common 17-206] Exiting Vivado at Sun Mar 12 18:42:18 2023...
