#-----------------------------------------------------------
# Vivado v2019.2 (64-bit)
# SW Build 2708876 on Wed Nov  6 21:40:23 MST 2019
# IP Build 2700528 on Thu Nov  7 00:09:20 MST 2019
# Start of session at: Mon Apr  3 14:40:58 2023
# Process ID: 20252
# Current directory: C:/Users/Yashraj Deshmukh/Desktop/COA Ass/Group_13_assignment_2_final/DLX processor
# Command line: vivado.exe -gui_launcher_event rodinguilauncherevent12200 C:\Users\Yashraj Deshmukh\Desktop\COA Ass\Group_13_assignment_2_final\DLX processor\DLX Processor.xpr
# Log file: C:/Users/Yashraj Deshmukh/Desktop/COA Ass/Group_13_assignment_2_final/DLX processor/vivado.log
# Journal file: C:/Users/Yashraj Deshmukh/Desktop/COA Ass/Group_13_assignment_2_final/DLX processor\vivado.jou
#-----------------------------------------------------------
start_gui
open_project {C:/Users/Yashraj Deshmukh/Desktop/COA Ass/Group_13_assignment_2_final/DLX processor/DLX Processor.xpr}
INFO: [ProjectBase 1-489] The host OS only allows 260 characters in a normal path. The project is stored in a path with more than 80 characters. If you experience issues with IP, Block Designs, or files not being found, please consider moving the project to a location with a shorter path. Alternately consider using the OS subst command to map part of the path to a drive letter.
Current project path is 'C:/Users/Yashraj Deshmukh/Desktop/COA Ass/Group_13_assignment_2_final/DLX processor'
WARNING: [Board 49-91] Board repository path 'Deshmukh/AppData/Roaming/Xilinx/Vivado/2019.2/xhub/board_store' does not exist, it will not be used to search board files.
INFO: [Project 1-313] Project file moved from 'C:/Users/Yashraj Deshmukh/Desktop/Group_13_assignment_2/DLX processor' since last save.
Scanning sources...
Finished scanning sources
INFO: [filemgmt 56-1] Board Part Repository Path: Directory not found as 'C:/Users/Yashraj Deshmukh/Desktop/AppData/Roaming/Xilinx/Vivado/2019.2/xhub/board_store'; using path 'C:/Users/Yashraj Deshmukh/AppData/Roaming/Xilinx/Vivado/2019.2/xhub/board_store' instead.
INFO: [IP_Flow 19-234] Refreshing IP repositories
INFO: [IP_Flow 19-1704] No user IP repositories specified
INFO: [IP_Flow 19-2313] Loaded Vivado IP repository 'C:/Xilinx/Vivado/2019.2/data/ip'.
open_project: Time (s): cpu = 00:00:17 ; elapsed = 00:00:13 . Memory (MB): peak = 949.480 ; gain = 330.645
update_compile_order -fileset sources_1
exit
INFO: [Common 17-206] Exiting Vivado at Mon Apr  3 14:43:34 2023...
